<?xml version="1.0" encoding="UTF-8"?>
<!-- Generated by org.testng.reporters.JUnitReportReporter -->
<testsuite hostname="DESKTOP-F5P92LD" failures="0" tests="1" name="org.testng.Sample" time="3.048" errors="0" timestamp="2024-09-23T15:50:00 IST" skipped="0">
  <testcase classname="org.testng.Sample" name="d" time="3.048"/>
</testsuite> <!-- org.testng.Sample -->
