<?xml version="1.0" encoding="UTF-8"?>
<!-- Generated by org.testng.reporters.JUnitReportReporter -->
<testsuite hostname="DESKTOP-F5P92LD" failures="0" tests="6" name="org.testng.crossBrowser" time="19.027" errors="0" timestamp="2024-09-25T12:02:47 IST" skipped="0">
  <testcase classname="org.testng.crossBrowser" name="multipleBrowsers" time="2.762"/>
  <testcase classname="org.testng.crossBrowser" name="multipleBrowsers" time="1.400"/>
  <testcase classname="org.testng.crossBrowser" name="url" time="3.750"/>
  <testcase classname="org.testng.crossBrowser" name="url" time="3.995"/>
  <testcase classname="org.testng.crossBrowser" name="multipleBrowsers" time="3.700"/>
  <testcase classname="org.testng.crossBrowser" name="url" time="3.420"/>
</testsuite> <!-- org.testng.crossBrowser -->
