<?xml version="1.0" encoding="UTF-8"?>
<!-- Generated by org.testng.reporters.JUnitReportReporter -->
<testsuite hostname="DESKTOP-F5P92LD" failures="0" tests="2" name="org.testng.AssertTypes" time="4.478" errors="0" timestamp="2024-09-25T12:57:59 IST" skipped="1">
  <testcase classname="org.testng.AssertTypes" name="assertSoft" time="4.478"/>
  <testcase classname="org.testng.AssertTypes" name="assertVerify">
    <skipped/>
  </testcase> <!-- assertVerify -->
</testsuite> <!-- org.testng.AssertTypes -->
