<?xml version="1.0" encoding="UTF-8"?>
<!-- Generated by org.testng.reporters.JUnitReportReporter -->
<testsuite hostname="DESKTOP-F5P92LD" failures="0" tests="2" name="org.testng.DataPro" time="0.012" errors="0" timestamp="2024-09-24T12:31:10 IST" skipped="0">
  <testcase classname="org.testng.DataPro" name="login" time="0.002"/>
  <testcase classname="org.testng.DataPro" name="login" time="0.010"/>
</testsuite> <!-- org.testng.DataPro -->
