<?xml version="1.0" encoding="UTF-8"?>
<!-- Generated by org.testng.reporters.JUnitReportReporter -->
<testsuite hostname="DESKTOP-F5P92LD" failures="0" tests="3" name="org.testng.Run" time="6.843" errors="0" timestamp="2024-09-24T12:43:21 IST" skipped="0">
  <testcase classname="org.testng.Run" name="fbLogin" time="1.775"/>
  <testcase classname="org.testng.Run" name="fbLogin" time="2.469"/>
  <testcase classname="org.testng.Run" name="fbLogin" time="2.599"/>
</testsuite> <!-- org.testng.Run -->
