<?xml version="1.0" encoding="UTF-8"?>
<!-- Generated by org.testng.reporters.JUnitReportReporter -->
<testsuite hostname="DESKTOP-F5P92LD" failures="0" tests="3" name="org.testng.DataPro" time="0.014" errors="0" timestamp="2024-09-25T11:30:53 IST" skipped="0">
  <testcase classname="org.testng.DataPro" name="login" time="0.002"/>
  <testcase classname="org.testng.DataPro" name="login" time="0.010"/>
  <testcase classname="org.testng.DataPro" name="login" time="0.002"/>
</testsuite> <!-- org.testng.DataPro -->
