<?xml version="1.0" encoding="UTF-8"?>
<!-- Generated by org.testng.reporters.JUnitReportReporter -->
<testsuite hostname="DESKTOP-F5P92LD" failures="0" tests="2" name="org.testng.Hello" time="3.167" errors="0" timestamp="2024-09-26T09:35:25 IST" skipped="0">
  <testcase classname="org.testng.Hello" name="login" time="3.165"/>
  <testcase classname="org.testng.Hello" name="searchTicket" time="0.002"/>
</testsuite> <!-- org.testng.Hello -->
