<?xml version="1.0" encoding="UTF-8"?>
<!-- Generated by org.testng.reporters.JUnitReportReporter -->
<testsuite hostname="DESKTOP-F5P92LD" failures="0" tests="7" name="org.testng.OrderIdPrint" time="32.942" errors="0" timestamp="2024-09-23T18:48:54 IST" skipped="0">
  <testcase classname="org.testng.OrderIdPrint" name="login" time="0.580"/>
  <testcase classname="org.testng.OrderIdPrint" name="cartCheck" time="9.824"/>
  <testcase classname="org.testng.OrderIdPrint" name="addProduct" time="5.224"/>
  <testcase classname="org.testng.OrderIdPrint" name="addAddress" time="3.936"/>
  <testcase classname="org.testng.OrderIdPrint" name="payment" time="3.498"/>
  <testcase classname="org.testng.OrderIdPrint" name="newLogin" time="3.578"/>
  <testcase classname="org.testng.OrderIdPrint" name="myAccount" time="6.302"/>
</testsuite> <!-- org.testng.OrderIdPrint -->
