<?xml version="1.0" encoding="UTF-8"?>
<!-- Generated by org.testng.reporters.JUnitReportReporter -->
<testsuite hostname="DESKTOP-F5P92LD" failures="0" tests="8" name="org.testng.All_Sample_Codes" time="0.008" errors="0" timestamp="2024-09-24T13:01:25 IST" skipped="1">
  <testcase classname="org.testng.All_Sample_Codes" name="bookingConfirmation" time="0.002"/>
  <testcase classname="org.testng.All_Sample_Codes" name="bookTicket" time="0.001"/>
  <testcase classname="org.testng.All_Sample_Codes" name="bookTicket" time="0.001"/>
  <testcase classname="org.testng.All_Sample_Codes" name="bookTicket" time="0.001"/>
  <testcase classname="org.testng.All_Sample_Codes" name="bookTicket" time="0.001"/>
  <testcase classname="org.testng.All_Sample_Codes" name="bookTicket" time="0.001"/>
  <testcase classname="org.testng.All_Sample_Codes" name="payment" time="0.001"/>
  <testcase classname="org.testng.All_Sample_Codes" name="logIn">
    <skipped/>
  </testcase> <!-- logIn -->
</testsuite> <!-- org.testng.All_Sample_Codes -->
